<?xml version="1.0" encoding="UTF-8"?>
<!-- Generated by org.testng.reporters.JUnitReportReporter -->
<testsuite hostname="DESKTOP-9E31VSM" name="Test.BasicOfRestAssured" tests="1" failures="0" timestamp="15 Feb 2020 06:13:54 GMT" time="1.973" errors="0">
  <testcase name="TestF1" time="1.973" classname="Test.BasicOfRestAssured"/>
</testsuite> <!-- Test.BasicOfRestAssured -->
